# Authors: Vlad Burca, Brandon Lewis
# Date: 02-10-2011
# File: L3Driver.java
###########################################


vburca@delphi:/home3/vburca/cpsc215/03. 02-10-2011$ javac L3Driver.java
vburca@delphi:/home3/vburca/cpsc215/03. 02-10-2011$ java L3Driver
Inserting BOS...
The set A = { BOS }
Inserting JFK...
Inserting BDL...
The set A = { BDL, BOS, JFK }
Inserting BOS..., but BOS already exists.
The set A = { BDL, BOS, JFK }
A.contains("JFK") = true
Removing BOS...
The set A = { BDL, JFK }
A.contains("BOS") = false
Inserting W...
Inserting H...
Inserting Q...
Inserting E...
Inserting Z...
Inserting W..., but W already exists.
Inserting K...
Inserting D...
Inserting V...
Inserting J...
Inserting U...
Inserting P...
Inserting X...
Inserting S...
Inserting A...
Inserting L...
Inserting X..., but X already exists.
Inserting U..., but U already exists.
Inserting I...
Inserting G...
Inserting I..., but I already exists.
Inserting X..., but X already exists.
Inserting L..., but L already exists.
Inserting S..., but S already exists.
Inserting W..., but W already exists.
Inserting F...
The set B = { A, D, E, F, G, H, I, J, K, L, P, Q, S, U, V, W, X, Z }         
Removing K...                                                                
Inserting T...
The set B = { A, D, E, F, G, H, I, J, L, P, Q, S, T, U, V, W, X, Z }

