/* Author: Vlad Burca
   Date: 02/17/2011
   File: ArrayStringSet.out
*/

// Output file:

vburca@lab05:/home3/vburca/cpsc215/04. 02-17-2011$ javac L4Driver.java
vburca@lab05:/home3/vburca/cpsc215/04. 02-17-2011$ java L4Driver
Inserting BOS...
The set A = { BOS }
Inserting JFK...
Inserting BDL...
The set A = { BDL, BOS, JFK }
Inserting BOS..., but BOS already exists.
The set A = { BDL, BOS, JFK }
A.contains("JFK") = true
Removing BOS...
The set A = { BDL, JFK }
A.contains("BOS") = false
Inserting L...
Inserting V...
Inserting K...
Inserting Q...
Inserting G...
Inserting D...
Inserting V..., but V already exists.
Inserting F...
Inserting Y...
Inserting M...
Inserting E...
Inserting H...
Inserting Q..., but Q already exists.
Inserting F..., but F already exists.
Inserting N...
Inserting Z...
Inserting E..., but E already exists.
Inserting H..., but H already exists.
Inserting Y..., but Y already exists.
Inserting N..., but N already exists.
Inserting I...
Inserting X...
Inserting V..., but V already exists.
Inserting R...
Inserting R..., but R already exists.
Inserting R..., but R already exists.
The set B = { D, E, F, G, H, I, K, L, M, N, Q, R, V, X, Y, Z }
Removing K...
Inserting T...
The set B = { D, E, F, G, H, I, L, M, N, Q, R, T, V, X, Y, Z }

